<?xml version="1.0" encoding="UTF-8"?>
<testng-results ignored="0" total="1" passed="1" failed="0" skipped="0">
  <reporter-output>
  </reporter-output>
  <suite started-at="2022-07-22T05:11:57Z" name="Default suite" finished-at="2022-07-22T05:11:58Z" duration-ms="1185">
    <groups>
    </groups>
    <test started-at="2022-07-22T05:11:57Z" name="Default test" finished-at="2022-07-22T05:11:58Z" duration-ms="1185">
      <class name="test.CreateNewAccountPageTest">
        <test-method is-config="true" signature="setUp()[pri:0, instance:test.CreateNewAccountPageTest@13526e59]" started-at="2022-07-22T01:11:54Z" name="setUp" finished-at="2022-07-22T01:11:57Z" duration-ms="2997" status="PASS">
          <reporter-output>
          </reporter-output>
        </test-method> <!-- setUp -->
        <test-method signature="createaccountPageTest()[pri:0, instance:test.CreateNewAccountPageTest@13526e59]" started-at="2022-07-22T01:11:57Z" name="createaccountPageTest" finished-at="2022-07-22T01:11:58Z" duration-ms="1172" status="PASS">
          <reporter-output>
          </reporter-output>
        </test-method> <!-- createaccountPageTest -->
      </class> <!-- test.CreateNewAccountPageTest -->
    </test> <!-- Default test -->
  </suite> <!-- Default suite -->
</testng-results>
